
*** Starting uWSGI 2.0.17 (64bit) on [Fri Apr 13 09:03:04 2018] ***
compiled with version: 4.8.5 20150623 (Red Hat 4.8.5-16) on 10 April 2018 03:21:01
os: Linux-3.10.0-693.el7.x86_64 #1 SMP Tue Aug 22 21:09:27 UTC 2017
nodename: localhost
machine: x86_64
clock source: unix
pcre jit disabled
detected number of CPU cores: 16
current working directory: /data/ball/script
writing pidfile to /data/ball/script/uwsgi.pid
detected binary path: /usr/bin/uwsgi
*** WARNING: you are running uWSGI as root !!! (use the --uid flag) *** 
chdir() to /data/ball/
your processes number limit is 127921
your memory page size is 4096 bytes
detected max file descriptor number: 1024
!!! no /etc/mime.types file found !!!
lock engine: pthread robust mutexes
thunder lock: enabled
uwsgi socket 0 bound to TCP address 10.8.8.192:8000 fd 3
*** WARNING: you are running uWSGI as root !!! (use the --uid flag) *** 
Python version: 2.7.5 (default, Aug  4 2017, 00:39:18)  [GCC 4.8.5 20150623 (Red Hat 4.8.5-16)]
Python main interpreter initialized at 0x1832140
*** WARNING: you are running uWSGI as root !!! (use the --uid flag) *** 
python threads support enabled
your server socket listen backlog is limited to 100 connections
your mercy for graceful operations on workers is 60 seconds
mapped 486672 bytes (475 KB) for 5 cores
*** Operational MODE: preforking ***
WSGI app 0 (mountpoint='') ready in 1 seconds on interpreter 0x1832140 pid: 31084 (default app)
*** WARNING: you are running uWSGI as root !!! (use the --uid flag) *** 
*** uWSGI is running in multiple interpreter mode ***
spawned uWSGI master process (pid: 31084)
spawned uWSGI worker 1 (pid: 31097, cores: 1)
spawned uWSGI worker 2 (pid: 31098, cores: 1)
spawned uWSGI worker 3 (pid: 31099, cores: 1)
spawned uWSGI worker 4 (pid: 31100, cores: 1)
spawned uWSGI worker 5 (pid: 31101, cores: 1)
invalid request block size: 21573 (max 4096)...skip
invalid request block size: 21573 (max 4096)...skip
invalid request block size: 21573 (max 4096)...skip
invalid request block size: 21573 (max 4096)...skip
invalid request block size: 21573 (max 4096)...skip
invalid request block size: 21573 (max 4096)...skip
invalid request block size: 21573 (max 4096)...skip
invalid request block size: 21573 (max 4096)...skip
invalid request block size: 21573 (max 4096)...skip
